{"name": "Check RadioButton", "status": "failed", "statusDetails": {"message": "AssertionError: 'No' have not been selected\nassert 'Impressive' == 'No'\n  - No\n  + Impressive", "trace": "self = <elements_test.TestElements.TestRadioButton object at 0x000002CA9FB68690>, driver = <selenium.webdriver.chrome.webdriver.WebDriver (session=\"716f0e8c0bb5a45910b581745fa8ddaf\")>\n\n    @allure.title('Check RadioButton')\n    def test_radio_button(self, driver):\n        radio_button_page = RadioButtonPage(driver, 'https://demoqa.com/radio-button')\n        radio_button_page.open()\n        radio_button_page.click_on_the_radio_button('yes')\n        output_yes = radio_button_page.get_output_result()\n        radio_button_page.click_on_the_radio_button('impressive')\n        output_impressive = radio_button_page.get_output_result()\n        radio_button_page.click_on_the_radio_button('no')\n        output_no = radio_button_page.get_output_result()\n        assert output_yes == 'Yes', \"'Yes' have not been selected\"\n        assert output_impressive == 'Impressive', \"'Impressive' have not been selected\"\n>       assert output_no == \"No\", \"'No' have not been selected\"\nE       AssertionError: 'No' have not been selected\nE       assert 'Impressive' == 'No'\nE         - No\nE         + Impressive\n\ntests\\elements_test.py:50: AssertionError"}, "start": 1692525793159, "stop": 1692525835171, "uuid": "45fad3bf-0501-4aa1-b18e-6ce2af4fef83", "historyId": "eebfee4ebcd68f4b545d67ab166047da", "testCaseId": "eebfee4ebcd68f4b545d67ab166047da", "fullName": "tests.elements_test.TestRadioButton#test_radio_button", "labels": [{"name": "suite", "value": "Elements"}, {"name": "feature", "value": "RadioButton"}, {"name": "parentSuite", "value": "tests"}, {"name": "subSuite", "value": "TestElements"}, {"name": "host", "value": "DESKTOP-2KQKO12"}, {"name": "thread", "value": "4092-MainThread"}, {"name": "framework", "value": "pytest"}, {"name": "language", "value": "cpython3"}, {"name": "package", "value": "tests.elements_test"}]}